{
  "RSpec": {
    "coverage": {
      "/home/victorn/Desktop/rental-cars/app/models/user.rb": {
        "lines": [
          1,
          1,
          null,
          null,
          1,
          null,
          null
        ]
      },
      "/home/victorn/Desktop/rental-cars/app/models/application_record.rb": {
        "lines": [
          1,
          1,
          null
        ]
      },
      "/home/victorn/Desktop/rental-cars/app/models/car_rental.rb": {
        "lines": [
          1,
          1,
          1,
          null,
          1,
          1,
          1,
          1,
          null,
          1,
          2,
          null,
          null
        ]
      },
      "/home/victorn/Desktop/rental-cars/app/models/car.rb": {
        "lines": [
          1,
          1,
          1,
          null,
          1,
          null,
          1,
          null,
          1,
          1,
          null,
          1,
          null,
          1,
          3,
          null,
          null
        ]
      },
      "/home/victorn/Desktop/rental-cars/app/models/client.rb": {
        "lines": [
          1,
          1,
          null,
          1,
          1,
          1,
          1,
          1,
          4,
          null,
          null
        ]
      },
      "/home/victorn/Desktop/rental-cars/app/models/rental.rb": {
        "lines": [
          1,
          1,
          1,
          1,
          1,
          null,
          1,
          1,
          1,
          1,
          1,
          null,
          1,
          25,
          3,
          null,
          null,
          null,
          1,
          25,
          3,
          null,
          null,
          null,
          1,
          4,
          2,
          null,
          2,
          null,
          null,
          null,
          1,
          25,
          null,
          15,
          null,
          1,
          25,
          null,
          null,
          null,
          null,
          25,
          null,
          null,
          25,
          null,
          null,
          null
        ]
      },
      "/home/victorn/Desktop/rental-cars/app/models/car_category.rb": {
        "lines": [
          1,
          1,
          1,
          1,
          null,
          null,
          null,
          1,
          null,
          1,
          null,
          1,
          null,
          null,
          null,
          null,
          null
        ]
      },
      "/home/victorn/Desktop/rental-cars/app/controllers/home_controller.rb": {
        "lines": [
          1,
          1,
          null,
          null
        ]
      },
      "/home/victorn/Desktop/rental-cars/app/controllers/application_controller.rb": {
        "lines": [
          1,
          null
        ]
      },
      "/home/victorn/Desktop/rental-cars/app/controllers/car_categories_controller.rb": {
        "lines": [
          1,
          1,
          1,
          7,
          null,
          null,
          1,
          5,
          null,
          null,
          1,
          9,
          null,
          null,
          1,
          9,
          null,
          9,
          1,
          null,
          8,
          null,
          null,
          null,
          1,
          1,
          null,
          null,
          1,
          1,
          null,
          1,
          1,
          1,
          null,
          0,
          null,
          null,
          null,
          1,
          1,
          null,
          1,
          1,
          1,
          null,
          0,
          null,
          null,
          1,
          null,
          1,
          10,
          null,
          null
        ]
      },
      "/home/victorn/Desktop/rental-cars/app/models/manufacturer.rb": {
        "lines": [
          1,
          1,
          1,
          null,
          null,
          null
        ]
      },
      "/home/victorn/Desktop/rental-cars/app/models/car_model.rb": {
        "lines": [
          1,
          1,
          1,
          1,
          null,
          1,
          null,
          1,
          1,
          1,
          1,
          null
        ]
      },
      "/home/victorn/Desktop/rental-cars/app/controllers/car_models_controller.rb": {
        "lines": [
          1,
          1,
          1,
          1,
          5,
          null,
          null,
          1,
          null,
          null,
          1,
          6,
          6,
          6,
          null,
          null,
          1,
          2,
          2,
          null,
          null,
          1,
          6,
          null,
          null,
          6,
          null,
          5,
          5,
          5,
          null,
          null,
          null,
          1,
          null,
          2,
          null,
          1,
          1,
          1,
          null,
          1,
          1,
          null,
          0,
          null,
          1,
          null,
          1,
          10,
          null,
          1,
          8,
          null,
          null,
          null
        ]
      },
      "/home/victorn/Desktop/rental-cars/app/controllers/clients_controller.rb": {
        "lines": [
          1,
          1,
          1,
          1,
          5,
          null,
          1,
          null,
          1,
          6,
          null,
          1,
          null,
          1,
          6,
          null,
          6,
          null,
          5,
          null,
          1,
          null,
          1,
          null,
          0,
          null,
          1,
          null,
          1,
          null,
          0,
          null,
          1,
          1,
          7,
          null,
          1,
          7,
          null,
          null
        ]
      },
      "/home/victorn/Desktop/rental-cars/app/controllers/manufacturers_controller.rb": {
        "lines": [
          1,
          1,
          1,
          1,
          12,
          null,
          1,
          null,
          1,
          5,
          null,
          1,
          null,
          1,
          5,
          null,
          5,
          4,
          null,
          1,
          null,
          5,
          null,
          4,
          null,
          1,
          null,
          1,
          null,
          0,
          null,
          null,
          1,
          1,
          10,
          null,
          1,
          20,
          null,
          null
        ]
      },
      "/home/victorn/Desktop/rental-cars/app/models/subsidiary.rb": {
        "lines": [
          1,
          1,
          1,
          null,
          1,
          null,
          1,
          null,
          null
        ]
      },
      "/home/victorn/Desktop/rental-cars/app/controllers/subsidiaries_controller.rb": {
        "lines": [
          1,
          1,
          1,
          1,
          7,
          null,
          1,
          null,
          1,
          7,
          null,
          1,
          null,
          1,
          1,
          1,
          null,
          0,
          null,
          null,
          null,
          1,
          7,
          null,
          7,
          1,
          null,
          6,
          null,
          null,
          null,
          1,
          null,
          1,
          null,
          0,
          null,
          1,
          1,
          9,
          null,
          1,
          8,
          null,
          null
        ]
      },
      "/home/victorn/Desktop/rental-cars/app/controllers/cars_controller.rb": {
        "lines": [
          1,
          1,
          1,
          null,
          1,
          4,
          4,
          null,
          1,
          1,
          null,
          1,
          4,
          4,
          3,
          3,
          null,
          null,
          1,
          null,
          1,
          4,
          null,
          null
        ]
      },
      "/home/victorn/Desktop/rental-cars/app/controllers/rentals_controller.rb": {
        "lines": [
          1,
          1,
          1,
          1,
          null,
          1,
          null,
          1,
          5,
          5,
          5,
          null,
          1,
          5,
          5,
          5,
          null,
          4,
          4,
          4,
          null,
          1,
          5,
          null,
          1,
          3,
          null,
          null,
          1,
          1,
          1,
          null,
          null,
          null,
          null,
          null,
          1,
          null,
          1,
          5,
          null,
          null,
          1,
          5,
          null,
          null
        ]
      },
      "/home/victorn/Desktop/rental-cars/app/controllers/api/v1/cars_controller.rb": {
        "lines": [
          1,
          1,
          2,
          2,
          null,
          1,
          null,
          1,
          2,
          1,
          null,
          1,
          2,
          1,
          null,
          1,
          3,
          3,
          null,
          1,
          null,
          1,
          5,
          null,
          null
        ]
      },
      "/home/victorn/Desktop/rental-cars/app/controllers/api/v1/api_controller.rb": {
        "lines": [
          1,
          1,
          1,
          null,
          1,
          1,
          null,
          null,
          1,
          2,
          null,
          null,
          null
        ]
      },
      "/home/victorn/Desktop/rental-cars/app/controllers/api/v1/rentals_controller.rb": {
        "lines": [
          1,
          1,
          2,
          null,
          1,
          null,
          null,
          null,
          1,
          null,
          1,
          2,
          null,
          null
        ]
      }
    },
    "timestamp": 1580247238
  }
}
